2018-12-15 11:34:06,545 | INFO  | Refreshing org.apache.activemq.xbean.XBeanBrokerFactory$1@56d8a300: startup date [Sat Dec 15 11:34:06 CST 2018]; root of context hierarchy | org.apache.activemq.xbean.XBeanBrokerFactory$1 | WrapperSimpleAppMain
2018-12-15 11:34:07,530 | INFO  | Using Persistence Adapter: KahaDBPersistenceAdapter[D:\apache-activemq-5.14.5\bin\win64\..\..\data\kahadb] | org.apache.activemq.broker.BrokerService | WrapperSimpleAppMain
2018-12-15 11:34:08,842 | INFO  | PListStore:[D:\apache-activemq-5.14.5\bin\win64\..\..\data\localhost\tmp_storage] started | org.apache.activemq.store.kahadb.plist.PListStoreImpl | WrapperSimpleAppMain
2018-12-15 11:34:08,983 | INFO  | Apache ActiveMQ 5.14.5 (localhost, ID:172_21_0_16-56899-1544844848858-0:1) is starting | org.apache.activemq.broker.BrokerService | WrapperSimpleAppMain
2018-12-15 11:34:09,014 | INFO  | Listening for connections at: tcp://0.0.0.0:61616?maximumConnections=1000&wireFormat.maxFrameSize=104857600 | org.apache.activemq.transport.TransportServerThreadSupport | WrapperSimpleAppMain
2018-12-15 11:34:09,014 | INFO  | Connector openwire started | org.apache.activemq.broker.TransportConnector | WrapperSimpleAppMain
2018-12-15 11:34:09,030 | INFO  | Listening for connections at: amqp://0.0.0.0:5672?maximumConnections=1000&wireFormat.maxFrameSize=104857600 | org.apache.activemq.transport.TransportServerThreadSupport | WrapperSimpleAppMain
2018-12-15 11:34:09,030 | INFO  | Connector amqp started | org.apache.activemq.broker.TransportConnector | WrapperSimpleAppMain
2018-12-15 11:34:09,030 | INFO  | Listening for connections at: stomp://0.0.0.0:61613?maximumConnections=1000&wireFormat.maxFrameSize=104857600 | org.apache.activemq.transport.TransportServerThreadSupport | WrapperSimpleAppMain
2018-12-15 11:34:09,030 | INFO  | Connector stomp started | org.apache.activemq.broker.TransportConnector | WrapperSimpleAppMain
2018-12-15 11:34:09,045 | INFO  | Listening for connections at: mqtt://0.0.0.0:1883?maximumConnections=1000&wireFormat.maxFrameSize=104857600 | org.apache.activemq.transport.TransportServerThreadSupport | WrapperSimpleAppMain
2018-12-15 11:34:09,045 | INFO  | Connector mqtt started | org.apache.activemq.broker.TransportConnector | WrapperSimpleAppMain
2018-12-15 11:34:09,155 | ERROR | Failed to start Apache ActiveMQ ([localhost, ID:172_21_0_16-56899-1544844848858-0:1], java.net.URISyntaxException: Illegal character in hostname at index 8: ws://172_21_0_16:61614?maximumConnections=1000&wireFormat.maxFrameSize=104857600) | org.apache.activemq.broker.BrokerService | WrapperSimpleAppMain
2018-12-15 11:34:09,155 | INFO  | Apache ActiveMQ 5.14.5 (localhost, ID:172_21_0_16-56899-1544844848858-0:1) is shutting down | org.apache.activemq.broker.BrokerService | WrapperSimpleAppMain
2018-12-15 11:34:09,155 | INFO  | Connector openwire stopped | org.apache.activemq.broker.TransportConnector | WrapperSimpleAppMain
2018-12-15 11:34:09,155 | INFO  | Connector amqp stopped | org.apache.activemq.broker.TransportConnector | WrapperSimpleAppMain
2018-12-15 11:34:09,155 | INFO  | Connector stomp stopped | org.apache.activemq.broker.TransportConnector | WrapperSimpleAppMain
2018-12-15 11:34:09,155 | INFO  | Connector mqtt stopped | org.apache.activemq.broker.TransportConnector | WrapperSimpleAppMain
2018-12-15 11:34:09,155 | INFO  | Connector ws stopped | org.apache.activemq.broker.TransportConnector | WrapperSimpleAppMain
2018-12-15 11:34:09,170 | INFO  | PListStore:[D:\apache-activemq-5.14.5\bin\win64\..\..\data\localhost\tmp_storage] stopped | org.apache.activemq.store.kahadb.plist.PListStoreImpl | WrapperSimpleAppMain
2018-12-15 11:34:09,170 | INFO  | Stopping async queue tasks | org.apache.activemq.store.kahadb.KahaDBStore | WrapperSimpleAppMain
2018-12-15 11:34:09,170 | INFO  | Stopping async topic tasks | org.apache.activemq.store.kahadb.KahaDBStore | WrapperSimpleAppMain
2018-12-15 11:34:09,170 | INFO  | Stopped KahaDB | org.apache.activemq.store.kahadb.KahaDBStore | WrapperSimpleAppMain
2018-12-15 11:34:09,186 | INFO  | Apache ActiveMQ 5.14.5 (localhost, ID:172_21_0_16-56899-1544844848858-0:1) uptime 1.672 seconds | org.apache.activemq.broker.BrokerService | WrapperSimpleAppMain
2018-12-15 11:34:09,186 | INFO  | Apache ActiveMQ 5.14.5 (localhost, ID:172_21_0_16-56899-1544844848858-0:1) is shutdown | org.apache.activemq.broker.BrokerService | WrapperSimpleAppMain
2018-12-15 11:34:09,186 | INFO  | Closing org.apache.activemq.xbean.XBeanBrokerFactory$1@56d8a300: startup date [Sat Dec 15 11:34:06 CST 2018]; root of context hierarchy | org.apache.activemq.xbean.XBeanBrokerFactory$1 | WrapperSimpleAppMain
2018-12-15 11:34:09,202 | WARN  | Exception thrown from LifecycleProcessor on context close | org.apache.activemq.xbean.XBeanBrokerFactory$1 | WrapperSimpleAppMain
java.lang.IllegalStateException: LifecycleProcessor not initialized - call 'refresh' before invoking lifecycle methods via the context: org.apache.activemq.xbean.XBeanBrokerFactory$1@56d8a300: startup date [Sat Dec 15 11:34:06 CST 2018]; root of context hierarchy
	at org.springframework.context.support.AbstractApplicationContext.getLifecycleProcessor(AbstractApplicationContext.java:357)[spring-context-4.1.9.RELEASE.jar:4.1.9.RELEASE]
	at org.springframework.context.support.AbstractApplicationContext.doClose(AbstractApplicationContext.java:884)[spring-context-4.1.9.RELEASE.jar:4.1.9.RELEASE]
	at org.springframework.context.support.AbstractApplicationContext.close(AbstractApplicationContext.java:843)[spring-context-4.1.9.RELEASE.jar:4.1.9.RELEASE]
	at org.apache.activemq.hooks.SpringContextHook.run(SpringContextHook.java:30)[activemq-spring-5.14.5.jar:5.14.5]
	at org.apache.activemq.broker.BrokerService.stop(BrokerService.java:876)[activemq-broker-5.14.5.jar:5.14.5]
	at org.apache.activemq.xbean.XBeanBrokerService.stop(XBeanBrokerService.java:122)[activemq-spring-5.14.5.jar:5.14.5]
	at org.apache.activemq.broker.BrokerService.start(BrokerService.java:630)[activemq-broker-5.14.5.jar:5.14.5]
	at org.apache.activemq.xbean.XBeanBrokerService.afterPropertiesSet(XBeanBrokerService.java:73)[activemq-spring-5.14.5.jar:5.14.5]
	at sun.reflect.NativeMethodAccessorImpl.invoke0(Native Method)[:1.8.0_191]
	at sun.reflect.NativeMethodAccessorImpl.invoke(Unknown Source)[:1.8.0_191]
	at sun.reflect.DelegatingMethodAccessorImpl.invoke(Unknown Source)[:1.8.0_191]
	at java.lang.reflect.Method.invoke(Unknown Source)[:1.8.0_191]
	at org.springframework.beans.factory.support.AbstractAutowireCapableBeanFactory.invokeCustomInitMethod(AbstractAutowireCapableBeanFactory.java:1700)[spring-beans-4.1.9.RELEASE.jar:4.1.9.RELEASE]
	at org.springframework.beans.factory.support.AbstractAutowireCapableBeanFactory.invokeInitMethods(AbstractAutowireCapableBeanFactory.java:1639)[spring-beans-4.1.9.RELEASE.jar:4.1.9.RELEASE]
	at org.springframework.beans.factory.support.AbstractAutowireCapableBeanFactory.initializeBean(AbstractAutowireCapableBeanFactory.java:1568)[spring-beans-4.1.9.RELEASE.jar:4.1.9.RELEASE]
	at org.springframework.beans.factory.support.AbstractAutowireCapableBeanFactory.doCreateBean(AbstractAutowireCapableBeanFactory.java:539)[spring-beans-4.1.9.RELEASE.jar:4.1.9.RELEASE]
	at org.springframework.beans.factory.support.AbstractAutowireCapableBeanFactory.createBean(AbstractAutowireCapableBeanFactory.java:476)[spring-beans-4.1.9.RELEASE.jar:4.1.9.RELEASE]
	at org.springframework.beans.factory.support.AbstractBeanFactory$1.getObject(AbstractBeanFactory.java:303)[spring-beans-4.1.9.RELEASE.jar:4.1.9.RELEASE]
	at org.springframework.beans.factory.support.DefaultSingletonBeanRegistry.getSingleton(DefaultSingletonBeanRegistry.java:230)[spring-beans-4.1.9.RELEASE.jar:4.1.9.RELEASE]
	at org.springframework.beans.factory.support.AbstractBeanFactory.doGetBean(AbstractBeanFactory.java:299)[spring-beans-4.1.9.RELEASE.jar:4.1.9.RELEASE]
	at org.springframework.beans.factory.support.AbstractBeanFactory.getBean(AbstractBeanFactory.java:194)[spring-beans-4.1.9.RELEASE.jar:4.1.9.RELEASE]
	at org.springframework.beans.factory.support.DefaultListableBeanFactory.preInstantiateSingletons(DefaultListableBeanFactory.java:755)[spring-beans-4.1.9.RELEASE.jar:4.1.9.RELEASE]
	at org.springframework.context.support.AbstractApplicationContext.finishBeanFactoryInitialization(AbstractApplicationContext.java:762)[spring-context-4.1.9.RELEASE.jar:4.1.9.RELEASE]
	at org.springframework.context.support.AbstractApplicationContext.refresh(AbstractApplicationContext.java:480)[spring-context-4.1.9.RELEASE.jar:4.1.9.RELEASE]
	at org.apache.xbean.spring.context.ResourceXmlApplicationContext.<init>(ResourceXmlApplicationContext.java:64)[xbean-spring-4.2.jar:4.2]
	at org.apache.xbean.spring.context.ResourceXmlApplicationContext.<init>(ResourceXmlApplicationContext.java:52)[xbean-spring-4.2.jar:4.2]
	at org.apache.activemq.xbean.XBeanBrokerFactory$1.<init>(XBeanBrokerFactory.java:104)[activemq-spring-5.14.5.jar:5.14.5]
	at org.apache.activemq.xbean.XBeanBrokerFactory.createApplicationContext(XBeanBrokerFactory.java:104)[activemq-spring-5.14.5.jar:5.14.5]
	at org.apache.activemq.xbean.XBeanBrokerFactory.createBroker(XBeanBrokerFactory.java:67)[activemq-spring-5.14.5.jar:5.14.5]
	at org.apache.activemq.broker.BrokerFactory.createBroker(BrokerFactory.java:71)[activemq-broker-5.14.5.jar:5.14.5]
	at org.apache.activemq.broker.BrokerFactory.createBroker(BrokerFactory.java:54)[activemq-broker-5.14.5.jar:5.14.5]
	at org.apache.activemq.console.command.StartCommand.runTask(StartCommand.java:87)[activemq-console-5.14.5.jar:5.14.5]
	at org.apache.activemq.console.command.AbstractCommand.execute(AbstractCommand.java:63)[activemq-console-5.14.5.jar:5.14.5]
	at org.apache.activemq.console.command.ShellCommand.runTask(ShellCommand.java:154)[activemq-console-5.14.5.jar:5.14.5]
	at org.apache.activemq.console.command.AbstractCommand.execute(AbstractCommand.java:63)[activemq-console-5.14.5.jar:5.14.5]
	at org.apache.activemq.console.command.ShellCommand.main(ShellCommand.java:104)[activemq-console-5.14.5.jar:5.14.5]
	at sun.reflect.NativeMethodAccessorImpl.invoke0(Native Method)[:1.8.0_191]
	at sun.reflect.NativeMethodAccessorImpl.invoke(Unknown Source)[:1.8.0_191]
	at sun.reflect.DelegatingMethodAccessorImpl.invoke(Unknown Source)[:1.8.0_191]
	at java.lang.reflect.Method.invoke(Unknown Source)[:1.8.0_191]
	at org.apache.activemq.console.Main.runTaskClass(Main.java:262)[activemq.jar:5.14.5]
	at org.apache.activemq.console.Main.main(Main.java:115)[activemq.jar:5.14.5]
	at sun.reflect.NativeMethodAccessorImpl.invoke0(Native Method)[:1.8.0_191]
	at sun.reflect.NativeMethodAccessorImpl.invoke(Unknown Source)[:1.8.0_191]
	at sun.reflect.DelegatingMethodAccessorImpl.invoke(Unknown Source)[:1.8.0_191]
	at java.lang.reflect.Method.invoke(Unknown Source)[:1.8.0_191]
	at org.tanukisoftware.wrapper.WrapperSimpleApp.run(WrapperSimpleApp.java:240)[wrapper.jar:3.2.3]
	at java.lang.Thread.run(Unknown Source)[:1.8.0_191]
2018-12-15 11:34:09,249 | WARN  | Exception encountered during context initialization - cancelling refresh attempt: org.springframework.beans.factory.BeanCreationException: Error creating bean with name 'org.apache.activemq.xbean.XBeanBrokerService#0' defined in class path resource [activemq.xml]: Invocation of init method failed; nested exception is java.net.URISyntaxException: Illegal character in hostname at index 8: ws://172_21_0_16:61614?maximumConnections=1000&wireFormat.maxFrameSize=104857600 | org.apache.activemq.xbean.XBeanBrokerFactory$1 | WrapperSimpleAppMain
2018-12-15 12:28:44,000 | INFO  | Refreshing org.apache.activemq.xbean.XBeanBrokerFactory$1@4856f97f: startup date [Sat Dec 15 12:28:43 CST 2018]; root of context hierarchy | org.apache.activemq.xbean.XBeanBrokerFactory$1 | WrapperSimpleAppMain
2018-12-15 12:28:45,709 | INFO  | Using Persistence Adapter: KahaDBPersistenceAdapter[D:\apache-activemq-5.14.5\bin\win64\..\..\data\kahadb] | org.apache.activemq.broker.BrokerService | WrapperSimpleAppMain
2018-12-15 12:28:45,805 | INFO  | KahaDB is version 6 | org.apache.activemq.store.kahadb.MessageDatabase | WrapperSimpleAppMain
2018-12-15 12:28:45,846 | INFO  | PListStore:[D:\apache-activemq-5.14.5\bin\win64\..\..\data\localhost\tmp_storage] started | org.apache.activemq.store.kahadb.plist.PListStoreImpl | WrapperSimpleAppMain
2018-12-15 12:28:46,006 | INFO  | Apache ActiveMQ 5.14.5 (localhost, ID:172_21_0_16-49480-1544848125863-0:1) is starting | org.apache.activemq.broker.BrokerService | WrapperSimpleAppMain
2018-12-15 12:28:46,086 | INFO  | Listening for connections at: tcp://0.0.0.0:61616?maximumConnections=1000&wireFormat.maxFrameSize=104857600 | org.apache.activemq.transport.TransportServerThreadSupport | WrapperSimpleAppMain
2018-12-15 12:28:46,089 | INFO  | Connector openwire started | org.apache.activemq.broker.TransportConnector | WrapperSimpleAppMain
2018-12-15 12:28:46,095 | INFO  | Listening for connections at: amqp://0.0.0.0:5672?maximumConnections=1000&wireFormat.maxFrameSize=104857600 | org.apache.activemq.transport.TransportServerThreadSupport | WrapperSimpleAppMain
2018-12-15 12:28:46,097 | INFO  | Connector amqp started | org.apache.activemq.broker.TransportConnector | WrapperSimpleAppMain
2018-12-15 12:28:46,102 | INFO  | Listening for connections at: stomp://0.0.0.0:61613?maximumConnections=1000&wireFormat.maxFrameSize=104857600 | org.apache.activemq.transport.TransportServerThreadSupport | WrapperSimpleAppMain
2018-12-15 12:28:46,104 | INFO  | Connector stomp started | org.apache.activemq.broker.TransportConnector | WrapperSimpleAppMain
2018-12-15 12:28:46,110 | INFO  | Listening for connections at: mqtt://0.0.0.0:1883?maximumConnections=1000&wireFormat.maxFrameSize=104857600 | org.apache.activemq.transport.TransportServerThreadSupport | WrapperSimpleAppMain
2018-12-15 12:28:46,114 | INFO  | Connector mqtt started | org.apache.activemq.broker.TransportConnector | WrapperSimpleAppMain
2018-12-15 12:28:46,208 | ERROR | Failed to start Apache ActiveMQ ([localhost, ID:172_21_0_16-49480-1544848125863-0:1], java.net.URISyntaxException: Illegal character in hostname at index 8: ws://172_21_0_16:61614?maximumConnections=1000&wireFormat.maxFrameSize=104857600) | org.apache.activemq.broker.BrokerService | WrapperSimpleAppMain
2018-12-15 12:28:46,212 | INFO  | Apache ActiveMQ 5.14.5 (localhost, ID:172_21_0_16-49480-1544848125863-0:1) is shutting down | org.apache.activemq.broker.BrokerService | WrapperSimpleAppMain
2018-12-15 12:28:46,214 | INFO  | Connector openwire stopped | org.apache.activemq.broker.TransportConnector | WrapperSimpleAppMain
2018-12-15 12:28:46,215 | INFO  | Connector amqp stopped | org.apache.activemq.broker.TransportConnector | WrapperSimpleAppMain
2018-12-15 12:28:46,218 | INFO  | Connector stomp stopped | org.apache.activemq.broker.TransportConnector | WrapperSimpleAppMain
2018-12-15 12:28:46,220 | INFO  | Connector mqtt stopped | org.apache.activemq.broker.TransportConnector | WrapperSimpleAppMain
2018-12-15 12:28:46,221 | INFO  | Connector ws stopped | org.apache.activemq.broker.TransportConnector | WrapperSimpleAppMain
2018-12-15 12:28:46,226 | INFO  | PListStore:[D:\apache-activemq-5.14.5\bin\win64\..\..\data\localhost\tmp_storage] stopped | org.apache.activemq.store.kahadb.plist.PListStoreImpl | WrapperSimpleAppMain
2018-12-15 12:28:46,227 | INFO  | Stopping async queue tasks | org.apache.activemq.store.kahadb.KahaDBStore | WrapperSimpleAppMain
2018-12-15 12:28:46,228 | INFO  | Stopping async topic tasks | org.apache.activemq.store.kahadb.KahaDBStore | WrapperSimpleAppMain
2018-12-15 12:28:46,229 | INFO  | Stopped KahaDB | org.apache.activemq.store.kahadb.KahaDBStore | WrapperSimpleAppMain
2018-12-15 12:28:46,253 | INFO  | Apache ActiveMQ 5.14.5 (localhost, ID:172_21_0_16-49480-1544848125863-0:1) uptime 0.558 seconds | org.apache.activemq.broker.BrokerService | WrapperSimpleAppMain
2018-12-15 12:28:46,254 | INFO  | Apache ActiveMQ 5.14.5 (localhost, ID:172_21_0_16-49480-1544848125863-0:1) is shutdown | org.apache.activemq.broker.BrokerService | WrapperSimpleAppMain
2018-12-15 12:28:46,256 | INFO  | Closing org.apache.activemq.xbean.XBeanBrokerFactory$1@4856f97f: startup date [Sat Dec 15 12:28:43 CST 2018]; root of context hierarchy | org.apache.activemq.xbean.XBeanBrokerFactory$1 | WrapperSimpleAppMain
2018-12-15 12:28:46,262 | WARN  | Exception thrown from LifecycleProcessor on context close | org.apache.activemq.xbean.XBeanBrokerFactory$1 | WrapperSimpleAppMain
java.lang.IllegalStateException: LifecycleProcessor not initialized - call 'refresh' before invoking lifecycle methods via the context: org.apache.activemq.xbean.XBeanBrokerFactory$1@4856f97f: startup date [Sat Dec 15 12:28:43 CST 2018]; root of context hierarchy
	at org.springframework.context.support.AbstractApplicationContext.getLifecycleProcessor(AbstractApplicationContext.java:357)[spring-context-4.1.9.RELEASE.jar:4.1.9.RELEASE]
	at org.springframework.context.support.AbstractApplicationContext.doClose(AbstractApplicationContext.java:884)[spring-context-4.1.9.RELEASE.jar:4.1.9.RELEASE]
	at org.springframework.context.support.AbstractApplicationContext.close(AbstractApplicationContext.java:843)[spring-context-4.1.9.RELEASE.jar:4.1.9.RELEASE]
	at org.apache.activemq.hooks.SpringContextHook.run(SpringContextHook.java:30)[activemq-spring-5.14.5.jar:5.14.5]
	at org.apache.activemq.broker.BrokerService.stop(BrokerService.java:876)[activemq-broker-5.14.5.jar:5.14.5]
	at org.apache.activemq.xbean.XBeanBrokerService.stop(XBeanBrokerService.java:122)[activemq-spring-5.14.5.jar:5.14.5]
	at org.apache.activemq.broker.BrokerService.start(BrokerService.java:630)[activemq-broker-5.14.5.jar:5.14.5]
	at org.apache.activemq.xbean.XBeanBrokerService.afterPropertiesSet(XBeanBrokerService.java:73)[activemq-spring-5.14.5.jar:5.14.5]
	at sun.reflect.NativeMethodAccessorImpl.invoke0(Native Method)[:1.8.0_191]
	at sun.reflect.NativeMethodAccessorImpl.invoke(Unknown Source)[:1.8.0_191]
	at sun.reflect.DelegatingMethodAccessorImpl.invoke(Unknown Source)[:1.8.0_191]
	at java.lang.reflect.Method.invoke(Unknown Source)[:1.8.0_191]
	at org.springframework.beans.factory.support.AbstractAutowireCapableBeanFactory.invokeCustomInitMethod(AbstractAutowireCapableBeanFactory.java:1700)[spring-beans-4.1.9.RELEASE.jar:4.1.9.RELEASE]
	at org.springframework.beans.factory.support.AbstractAutowireCapableBeanFactory.invokeInitMethods(AbstractAutowireCapableBeanFactory.java:1639)[spring-beans-4.1.9.RELEASE.jar:4.1.9.RELEASE]
	at org.springframework.beans.factory.support.AbstractAutowireCapableBeanFactory.initializeBean(AbstractAutowireCapableBeanFactory.java:1568)[spring-beans-4.1.9.RELEASE.jar:4.1.9.RELEASE]
	at org.springframework.beans.factory.support.AbstractAutowireCapableBeanFactory.doCreateBean(AbstractAutowireCapableBeanFactory.java:539)[spring-beans-4.1.9.RELEASE.jar:4.1.9.RELEASE]
	at org.springframework.beans.factory.support.AbstractAutowireCapableBeanFactory.createBean(AbstractAutowireCapableBeanFactory.java:476)[spring-beans-4.1.9.RELEASE.jar:4.1.9.RELEASE]
	at org.springframework.beans.factory.support.AbstractBeanFactory$1.getObject(AbstractBeanFactory.java:303)[spring-beans-4.1.9.RELEASE.jar:4.1.9.RELEASE]
	at org.springframework.beans.factory.support.DefaultSingletonBeanRegistry.getSingleton(DefaultSingletonBeanRegistry.java:230)[spring-beans-4.1.9.RELEASE.jar:4.1.9.RELEASE]
	at org.springframework.beans.factory.support.AbstractBeanFactory.doGetBean(AbstractBeanFactory.java:299)[spring-beans-4.1.9.RELEASE.jar:4.1.9.RELEASE]
	at org.springframework.beans.factory.support.AbstractBeanFactory.getBean(AbstractBeanFactory.java:194)[spring-beans-4.1.9.RELEASE.jar:4.1.9.RELEASE]
	at org.springframework.beans.factory.support.DefaultListableBeanFactory.preInstantiateSingletons(DefaultListableBeanFactory.java:755)[spring-beans-4.1.9.RELEASE.jar:4.1.9.RELEASE]
	at org.springframework.context.support.AbstractApplicationContext.finishBeanFactoryInitialization(AbstractApplicationContext.java:762)[spring-context-4.1.9.RELEASE.jar:4.1.9.RELEASE]
	at org.springframework.context.support.AbstractApplicationContext.refresh(AbstractApplicationContext.java:480)[spring-context-4.1.9.RELEASE.jar:4.1.9.RELEASE]
	at org.apache.xbean.spring.context.ResourceXmlApplicationContext.<init>(ResourceXmlApplicationContext.java:64)[xbean-spring-4.2.jar:4.2]
	at org.apache.xbean.spring.context.ResourceXmlApplicationContext.<init>(ResourceXmlApplicationContext.java:52)[xbean-spring-4.2.jar:4.2]
	at org.apache.activemq.xbean.XBeanBrokerFactory$1.<init>(XBeanBrokerFactory.java:104)[activemq-spring-5.14.5.jar:5.14.5]
	at org.apache.activemq.xbean.XBeanBrokerFactory.createApplicationContext(XBeanBrokerFactory.java:104)[activemq-spring-5.14.5.jar:5.14.5]
	at org.apache.activemq.xbean.XBeanBrokerFactory.createBroker(XBeanBrokerFactory.java:67)[activemq-spring-5.14.5.jar:5.14.5]
	at org.apache.activemq.broker.BrokerFactory.createBroker(BrokerFactory.java:71)[activemq-broker-5.14.5.jar:5.14.5]
	at org.apache.activemq.broker.BrokerFactory.createBroker(BrokerFactory.java:54)[activemq-broker-5.14.5.jar:5.14.5]
	at org.apache.activemq.console.command.StartCommand.runTask(StartCommand.java:87)[activemq-console-5.14.5.jar:5.14.5]
	at org.apache.activemq.console.command.AbstractCommand.execute(AbstractCommand.java:63)[activemq-console-5.14.5.jar:5.14.5]
	at org.apache.activemq.console.command.ShellCommand.runTask(ShellCommand.java:154)[activemq-console-5.14.5.jar:5.14.5]
	at org.apache.activemq.console.command.AbstractCommand.execute(AbstractCommand.java:63)[activemq-console-5.14.5.jar:5.14.5]
	at org.apache.activemq.console.command.ShellCommand.main(ShellCommand.java:104)[activemq-console-5.14.5.jar:5.14.5]
	at sun.reflect.NativeMethodAccessorImpl.invoke0(Native Method)[:1.8.0_191]
	at sun.reflect.NativeMethodAccessorImpl.invoke(Unknown Source)[:1.8.0_191]
	at sun.reflect.DelegatingMethodAccessorImpl.invoke(Unknown Source)[:1.8.0_191]
	at java.lang.reflect.Method.invoke(Unknown Source)[:1.8.0_191]
	at org.apache.activemq.console.Main.runTaskClass(Main.java:262)[activemq.jar:5.14.5]
	at org.apache.activemq.console.Main.main(Main.java:115)[activemq.jar:5.14.5]
	at sun.reflect.NativeMethodAccessorImpl.invoke0(Native Method)[:1.8.0_191]
	at sun.reflect.NativeMethodAccessorImpl.invoke(Unknown Source)[:1.8.0_191]
	at sun.reflect.DelegatingMethodAccessorImpl.invoke(Unknown Source)[:1.8.0_191]
	at java.lang.reflect.Method.invoke(Unknown Source)[:1.8.0_191]
	at org.tanukisoftware.wrapper.WrapperSimpleApp.run(WrapperSimpleApp.java:240)[wrapper.jar:3.2.3]
	at java.lang.Thread.run(Unknown Source)[:1.8.0_191]
2018-12-15 12:28:46,330 | WARN  | Exception encountered during context initialization - cancelling refresh attempt: org.springframework.beans.factory.BeanCreationException: Error creating bean with name 'org.apache.activemq.xbean.XBeanBrokerService#0' defined in class path resource [activemq.xml]: Invocation of init method failed; nested exception is java.net.URISyntaxException: Illegal character in hostname at index 8: ws://172_21_0_16:61614?maximumConnections=1000&wireFormat.maxFrameSize=104857600 | org.apache.activemq.xbean.XBeanBrokerFactory$1 | WrapperSimpleAppMain
2018-12-15 12:32:12,325 | INFO  | Refreshing org.apache.activemq.xbean.XBeanBrokerFactory$1@56d8a300: startup date [Sat Dec 15 12:32:12 CST 2018]; root of context hierarchy | org.apache.activemq.xbean.XBeanBrokerFactory$1 | WrapperSimpleAppMain
2018-12-15 12:32:13,340 | INFO  | Using Persistence Adapter: KahaDBPersistenceAdapter[D:\apache-activemq-5.14.5\bin\win64\..\..\data\kahadb] | org.apache.activemq.broker.BrokerService | WrapperSimpleAppMain
2018-12-15 12:32:13,387 | INFO  | KahaDB is version 6 | org.apache.activemq.store.kahadb.MessageDatabase | WrapperSimpleAppMain
2018-12-15 12:32:13,418 | INFO  | PListStore:[D:\apache-activemq-5.14.5\bin\win64\..\..\data\localhost\tmp_storage] started | org.apache.activemq.store.kahadb.plist.PListStoreImpl | WrapperSimpleAppMain
2018-12-15 12:32:13,575 | INFO  | Apache ActiveMQ 5.14.5 (localhost, ID:172_21_0_16-49724-1544848333434-0:1) is starting | org.apache.activemq.broker.BrokerService | WrapperSimpleAppMain
2018-12-15 12:32:13,590 | INFO  | Listening for connections at: tcp://0.0.0.0:61616?maximumConnections=1000&wireFormat.maxFrameSize=104857600 | org.apache.activemq.transport.TransportServerThreadSupport | WrapperSimpleAppMain
2018-12-15 12:32:13,606 | INFO  | Connector openwire started | org.apache.activemq.broker.TransportConnector | WrapperSimpleAppMain
2018-12-15 12:32:13,606 | INFO  | Listening for connections at: amqp://0.0.0.0:5672?maximumConnections=1000&wireFormat.maxFrameSize=104857600 | org.apache.activemq.transport.TransportServerThreadSupport | WrapperSimpleAppMain
2018-12-15 12:32:13,606 | INFO  | Connector amqp started | org.apache.activemq.broker.TransportConnector | WrapperSimpleAppMain
2018-12-15 12:32:13,606 | INFO  | Listening for connections at: stomp://0.0.0.0:61613?maximumConnections=1000&wireFormat.maxFrameSize=104857600 | org.apache.activemq.transport.TransportServerThreadSupport | WrapperSimpleAppMain
2018-12-15 12:32:13,622 | INFO  | Connector stomp started | org.apache.activemq.broker.TransportConnector | WrapperSimpleAppMain
2018-12-15 12:32:13,622 | INFO  | Listening for connections at: mqtt://0.0.0.0:1883?maximumConnections=1000&wireFormat.maxFrameSize=104857600 | org.apache.activemq.transport.TransportServerThreadSupport | WrapperSimpleAppMain
2018-12-15 12:32:13,622 | INFO  | Connector mqtt started | org.apache.activemq.broker.TransportConnector | WrapperSimpleAppMain
2018-12-15 12:32:13,731 | ERROR | Failed to start Apache ActiveMQ ([localhost, ID:172_21_0_16-49724-1544848333434-0:1], java.net.URISyntaxException: Illegal character in hostname at index 8: ws://172_21_0_16:61614?maximumConnections=1000&wireFormat.maxFrameSize=104857600) | org.apache.activemq.broker.BrokerService | WrapperSimpleAppMain
2018-12-15 12:32:13,731 | INFO  | Apache ActiveMQ 5.14.5 (localhost, ID:172_21_0_16-49724-1544848333434-0:1) is shutting down | org.apache.activemq.broker.BrokerService | WrapperSimpleAppMain
2018-12-15 12:32:13,731 | INFO  | Connector openwire stopped | org.apache.activemq.broker.TransportConnector | WrapperSimpleAppMain
2018-12-15 12:32:13,731 | INFO  | Connector amqp stopped | org.apache.activemq.broker.TransportConnector | WrapperSimpleAppMain
2018-12-15 12:32:13,731 | INFO  | Connector stomp stopped | org.apache.activemq.broker.TransportConnector | WrapperSimpleAppMain
2018-12-15 12:32:13,731 | INFO  | Connector mqtt stopped | org.apache.activemq.broker.TransportConnector | WrapperSimpleAppMain
2018-12-15 12:32:13,731 | INFO  | Connector ws stopped | org.apache.activemq.broker.TransportConnector | WrapperSimpleAppMain
2018-12-15 12:32:13,747 | INFO  | PListStore:[D:\apache-activemq-5.14.5\bin\win64\..\..\data\localhost\tmp_storage] stopped | org.apache.activemq.store.kahadb.plist.PListStoreImpl | WrapperSimpleAppMain
2018-12-15 12:32:13,747 | INFO  | Stopping async queue tasks | org.apache.activemq.store.kahadb.KahaDBStore | WrapperSimpleAppMain
2018-12-15 12:32:13,747 | INFO  | Stopping async topic tasks | org.apache.activemq.store.kahadb.KahaDBStore | WrapperSimpleAppMain
2018-12-15 12:32:13,747 | INFO  | Stopped KahaDB | org.apache.activemq.store.kahadb.KahaDBStore | WrapperSimpleAppMain
2018-12-15 12:32:13,762 | INFO  | Apache ActiveMQ 5.14.5 (localhost, ID:172_21_0_16-49724-1544848333434-0:1) uptime 0.437 seconds | org.apache.activemq.broker.BrokerService | WrapperSimpleAppMain
2018-12-15 12:32:13,762 | INFO  | Apache ActiveMQ 5.14.5 (localhost, ID:172_21_0_16-49724-1544848333434-0:1) is shutdown | org.apache.activemq.broker.BrokerService | WrapperSimpleAppMain
2018-12-15 12:32:13,762 | INFO  | Closing org.apache.activemq.xbean.XBeanBrokerFactory$1@56d8a300: startup date [Sat Dec 15 12:32:12 CST 2018]; root of context hierarchy | org.apache.activemq.xbean.XBeanBrokerFactory$1 | WrapperSimpleAppMain
2018-12-15 12:32:13,762 | WARN  | Exception thrown from LifecycleProcessor on context close | org.apache.activemq.xbean.XBeanBrokerFactory$1 | WrapperSimpleAppMain
java.lang.IllegalStateException: LifecycleProcessor not initialized - call 'refresh' before invoking lifecycle methods via the context: org.apache.activemq.xbean.XBeanBrokerFactory$1@56d8a300: startup date [Sat Dec 15 12:32:12 CST 2018]; root of context hierarchy
	at org.springframework.context.support.AbstractApplicationContext.getLifecycleProcessor(AbstractApplicationContext.java:357)[spring-context-4.1.9.RELEASE.jar:4.1.9.RELEASE]
	at org.springframework.context.support.AbstractApplicationContext.doClose(AbstractApplicationContext.java:884)[spring-context-4.1.9.RELEASE.jar:4.1.9.RELEASE]
	at org.springframework.context.support.AbstractApplicationContext.close(AbstractApplicationContext.java:843)[spring-context-4.1.9.RELEASE.jar:4.1.9.RELEASE]
	at org.apache.activemq.hooks.SpringContextHook.run(SpringContextHook.java:30)[activemq-spring-5.14.5.jar:5.14.5]
	at org.apache.activemq.broker.BrokerService.stop(BrokerService.java:876)[activemq-broker-5.14.5.jar:5.14.5]
	at org.apache.activemq.xbean.XBeanBrokerService.stop(XBeanBrokerService.java:122)[activemq-spring-5.14.5.jar:5.14.5]
	at org.apache.activemq.broker.BrokerService.start(BrokerService.java:630)[activemq-broker-5.14.5.jar:5.14.5]
	at org.apache.activemq.xbean.XBeanBrokerService.afterPropertiesSet(XBeanBrokerService.java:73)[activemq-spring-5.14.5.jar:5.14.5]
	at sun.reflect.NativeMethodAccessorImpl.invoke0(Native Method)[:1.8.0_191]
	at sun.reflect.NativeMethodAccessorImpl.invoke(Unknown Source)[:1.8.0_191]
	at sun.reflect.DelegatingMethodAccessorImpl.invoke(Unknown Source)[:1.8.0_191]
	at java.lang.reflect.Method.invoke(Unknown Source)[:1.8.0_191]
	at org.springframework.beans.factory.support.AbstractAutowireCapableBeanFactory.invokeCustomInitMethod(AbstractAutowireCapableBeanFactory.java:1700)[spring-beans-4.1.9.RELEASE.jar:4.1.9.RELEASE]
	at org.springframework.beans.factory.support.AbstractAutowireCapableBeanFactory.invokeInitMethods(AbstractAutowireCapableBeanFactory.java:1639)[spring-beans-4.1.9.RELEASE.jar:4.1.9.RELEASE]
	at org.springframework.beans.factory.support.AbstractAutowireCapableBeanFactory.initializeBean(AbstractAutowireCapableBeanFactory.java:1568)[spring-beans-4.1.9.RELEASE.jar:4.1.9.RELEASE]
	at org.springframework.beans.factory.support.AbstractAutowireCapableBeanFactory.doCreateBean(AbstractAutowireCapableBeanFactory.java:539)[spring-beans-4.1.9.RELEASE.jar:4.1.9.RELEASE]
	at org.springframework.beans.factory.support.AbstractAutowireCapableBeanFactory.createBean(AbstractAutowireCapableBeanFactory.java:476)[spring-beans-4.1.9.RELEASE.jar:4.1.9.RELEASE]
	at org.springframework.beans.factory.support.AbstractBeanFactory$1.getObject(AbstractBeanFactory.java:303)[spring-beans-4.1.9.RELEASE.jar:4.1.9.RELEASE]
	at org.springframework.beans.factory.support.DefaultSingletonBeanRegistry.getSingleton(DefaultSingletonBeanRegistry.java:230)[spring-beans-4.1.9.RELEASE.jar:4.1.9.RELEASE]
	at org.springframework.beans.factory.support.AbstractBeanFactory.doGetBean(AbstractBeanFactory.java:299)[spring-beans-4.1.9.RELEASE.jar:4.1.9.RELEASE]
	at org.springframework.beans.factory.support.AbstractBeanFactory.getBean(AbstractBeanFactory.java:194)[spring-beans-4.1.9.RELEASE.jar:4.1.9.RELEASE]
	at org.springframework.beans.factory.support.DefaultListableBeanFactory.preInstantiateSingletons(DefaultListableBeanFactory.java:755)[spring-beans-4.1.9.RELEASE.jar:4.1.9.RELEASE]
	at org.springframework.context.support.AbstractApplicationContext.finishBeanFactoryInitialization(AbstractApplicationContext.java:762)[spring-context-4.1.9.RELEASE.jar:4.1.9.RELEASE]
	at org.springframework.context.support.AbstractApplicationContext.refresh(AbstractApplicationContext.java:480)[spring-context-4.1.9.RELEASE.jar:4.1.9.RELEASE]
	at org.apache.xbean.spring.context.ResourceXmlApplicationContext.<init>(ResourceXmlApplicationContext.java:64)[xbean-spring-4.2.jar:4.2]
	at org.apache.xbean.spring.context.ResourceXmlApplicationContext.<init>(ResourceXmlApplicationContext.java:52)[xbean-spring-4.2.jar:4.2]
	at org.apache.activemq.xbean.XBeanBrokerFactory$1.<init>(XBeanBrokerFactory.java:104)[activemq-spring-5.14.5.jar:5.14.5]
	at org.apache.activemq.xbean.XBeanBrokerFactory.createApplicationContext(XBeanBrokerFactory.java:104)[activemq-spring-5.14.5.jar:5.14.5]
	at org.apache.activemq.xbean.XBeanBrokerFactory.createBroker(XBeanBrokerFactory.java:67)[activemq-spring-5.14.5.jar:5.14.5]
	at org.apache.activemq.broker.BrokerFactory.createBroker(BrokerFactory.java:71)[activemq-broker-5.14.5.jar:5.14.5]
	at org.apache.activemq.broker.BrokerFactory.createBroker(BrokerFactory.java:54)[activemq-broker-5.14.5.jar:5.14.5]
	at org.apache.activemq.console.command.StartCommand.runTask(StartCommand.java:87)[activemq-console-5.14.5.jar:5.14.5]
	at org.apache.activemq.console.command.AbstractCommand.execute(AbstractCommand.java:63)[activemq-console-5.14.5.jar:5.14.5]
	at org.apache.activemq.console.command.ShellCommand.runTask(ShellCommand.java:154)[activemq-console-5.14.5.jar:5.14.5]
	at org.apache.activemq.console.command.AbstractCommand.execute(AbstractCommand.java:63)[activemq-console-5.14.5.jar:5.14.5]
	at org.apache.activemq.console.command.ShellCommand.main(ShellCommand.java:104)[activemq-console-5.14.5.jar:5.14.5]
	at sun.reflect.NativeMethodAccessorImpl.invoke0(Native Method)[:1.8.0_191]
	at sun.reflect.NativeMethodAccessorImpl.invoke(Unknown Source)[:1.8.0_191]
	at sun.reflect.DelegatingMethodAccessorImpl.invoke(Unknown Source)[:1.8.0_191]
	at java.lang.reflect.Method.invoke(Unknown Source)[:1.8.0_191]
	at org.apache.activemq.console.Main.runTaskClass(Main.java:262)[activemq.jar:5.14.5]
	at org.apache.activemq.console.Main.main(Main.java:115)[activemq.jar:5.14.5]
	at sun.reflect.NativeMethodAccessorImpl.invoke0(Native Method)[:1.8.0_191]
	at sun.reflect.NativeMethodAccessorImpl.invoke(Unknown Source)[:1.8.0_191]
	at sun.reflect.DelegatingMethodAccessorImpl.invoke(Unknown Source)[:1.8.0_191]
	at java.lang.reflect.Method.invoke(Unknown Source)[:1.8.0_191]
	at org.tanukisoftware.wrapper.WrapperSimpleApp.run(WrapperSimpleApp.java:240)[wrapper.jar:3.2.3]
	at java.lang.Thread.run(Unknown Source)[:1.8.0_191]
2018-12-15 12:32:13,825 | WARN  | Exception encountered during context initialization - cancelling refresh attempt: org.springframework.beans.factory.BeanCreationException: Error creating bean with name 'org.apache.activemq.xbean.XBeanBrokerService#0' defined in class path resource [activemq.xml]: Invocation of init method failed; nested exception is java.net.URISyntaxException: Illegal character in hostname at index 8: ws://172_21_0_16:61614?maximumConnections=1000&wireFormat.maxFrameSize=104857600 | org.apache.activemq.xbean.XBeanBrokerFactory$1 | WrapperSimpleAppMain
2018-12-15 12:55:50,332 | INFO  | Refreshing org.apache.activemq.xbean.XBeanBrokerFactory$1@1a01867d: startup date [Sat Dec 15 12:55:50 CST 2018]; root of context hierarchy | org.apache.activemq.xbean.XBeanBrokerFactory$1 | WrapperSimpleAppMain
2018-12-15 12:55:51,316 | INFO  | Using Persistence Adapter: KahaDBPersistenceAdapter[D:\apache-activemq-5.14.5\bin\win64\..\..\data\kahadb] | org.apache.activemq.broker.BrokerService | WrapperSimpleAppMain
2018-12-15 12:55:51,378 | INFO  | KahaDB is version 6 | org.apache.activemq.store.kahadb.MessageDatabase | WrapperSimpleAppMain
2018-12-15 12:55:51,410 | INFO  | PListStore:[D:\apache-activemq-5.14.5\bin\win64\..\..\data\localhost\tmp_storage] started | org.apache.activemq.store.kahadb.plist.PListStoreImpl | WrapperSimpleAppMain
2018-12-15 12:55:51,566 | INFO  | Apache ActiveMQ 5.14.5 (localhost, ID:172_21_0_16-50457-1544849751425-0:1) is starting | org.apache.activemq.broker.BrokerService | WrapperSimpleAppMain
2018-12-15 12:55:51,628 | INFO  | Listening for connections at: tcp://rfzy.dopotest.com:61616?maximumConnections=1000&wireFormat.maxFrameSize=104857600 | org.apache.activemq.transport.TransportServerThreadSupport | WrapperSimpleAppMain
2018-12-15 12:55:51,628 | INFO  | Connector openwire started | org.apache.activemq.broker.TransportConnector | WrapperSimpleAppMain
2018-12-15 12:55:51,628 | INFO  | Listening for connections at: amqp://rfzy.dopotest.com:5672?maximumConnections=1000&wireFormat.maxFrameSize=104857600 | org.apache.activemq.transport.TransportServerThreadSupport | WrapperSimpleAppMain
2018-12-15 12:55:51,628 | INFO  | Connector amqp started | org.apache.activemq.broker.TransportConnector | WrapperSimpleAppMain
2018-12-15 12:55:51,644 | INFO  | Listening for connections at: stomp://rfzy.dopotest.com:61613?maximumConnections=1000&wireFormat.maxFrameSize=104857600 | org.apache.activemq.transport.TransportServerThreadSupport | WrapperSimpleAppMain
2018-12-15 12:55:51,644 | INFO  | Connector stomp started | org.apache.activemq.broker.TransportConnector | WrapperSimpleAppMain
2018-12-15 12:55:51,644 | INFO  | Listening for connections at: mqtt://rfzy.dopotest.com:1883?maximumConnections=1000&wireFormat.maxFrameSize=104857600 | org.apache.activemq.transport.TransportServerThreadSupport | WrapperSimpleAppMain
2018-12-15 12:55:51,644 | INFO  | Connector mqtt started | org.apache.activemq.broker.TransportConnector | WrapperSimpleAppMain
2018-12-15 12:55:51,878 | WARN  | ServletContext@o.e.j.s.ServletContextHandler@37ab5777{/,null,STARTING} has uncovered http methods for path: / | org.eclipse.jetty.security.SecurityHandler | WrapperSimpleAppMain
2018-12-15 12:55:52,003 | INFO  | Listening for connections at ws://rfzy.dopotest.com:61614?maximumConnections=1000&wireFormat.maxFrameSize=104857600 | org.apache.activemq.transport.ws.WSTransportServer | WrapperSimpleAppMain
2018-12-15 12:55:52,003 | INFO  | Connector ws started | org.apache.activemq.broker.TransportConnector | WrapperSimpleAppMain
2018-12-15 12:55:52,003 | INFO  | Apache ActiveMQ 5.14.5 (localhost, ID:172_21_0_16-50457-1544849751425-0:1) started | org.apache.activemq.broker.BrokerService | WrapperSimpleAppMain
2018-12-15 12:55:52,003 | INFO  | For help or more information please see: http://activemq.apache.org | org.apache.activemq.broker.BrokerService | WrapperSimpleAppMain
2018-12-15 12:55:52,019 | WARN  | Store limit is 102400 mb (current store usage is 0 mb). The data directory: D:\apache-activemq-5.14.5\bin\win64\..\..\data\kahadb only has 84079 mb of usable space. - resetting to maximum available disk space: 84079 mb | org.apache.activemq.broker.BrokerService | WrapperSimpleAppMain
2018-12-15 12:55:52,957 | INFO  | No Spring WebApplicationInitializer types detected on classpath | /admin | WrapperSimpleAppMain
2018-12-15 12:55:53,207 | INFO  | ActiveMQ WebConsole available at http://0.0.0.0:8161/ | org.apache.activemq.web.WebConsoleStarter | WrapperSimpleAppMain
2018-12-15 12:55:53,222 | INFO  | ActiveMQ Jolokia REST API available at http://0.0.0.0:8161/api/jolokia/ | org.apache.activemq.web.WebConsoleStarter | WrapperSimpleAppMain
2018-12-15 12:55:53,316 | INFO  | Initializing Spring FrameworkServlet 'dispatcher' | /admin | WrapperSimpleAppMain
2018-12-15 12:55:53,691 | INFO  | No Spring WebApplicationInitializer types detected on classpath | /api | WrapperSimpleAppMain
2018-12-15 12:55:53,832 | INFO  | jolokia-agent: Using policy access restrictor classpath:/jolokia-access.xml | /api | WrapperSimpleAppMain
2018-12-15 13:01:25,237 | INFO  | Refreshing org.apache.activemq.xbean.XBeanBrokerFactory$1@7598eb37: startup date [Sat Dec 15 13:01:25 CST 2018]; root of context hierarchy | org.apache.activemq.xbean.XBeanBrokerFactory$1 | WrapperSimpleAppMain
2018-12-15 13:01:26,222 | INFO  | Using Persistence Adapter: KahaDBPersistenceAdapter[D:\apache-activemq-5.14.5\bin\win64\..\..\data\kahadb] | org.apache.activemq.broker.BrokerService | WrapperSimpleAppMain
2018-12-15 13:01:26,283 | INFO  | KahaDB is version 6 | org.apache.activemq.store.kahadb.MessageDatabase | WrapperSimpleAppMain
2018-12-15 13:01:26,303 | INFO  | Recovering from the journal @1:2285 | org.apache.activemq.store.kahadb.MessageDatabase | WrapperSimpleAppMain
2018-12-15 13:01:26,305 | INFO  | Recovery replayed 63 operations from the journal in 0.016 seconds. | org.apache.activemq.store.kahadb.MessageDatabase | WrapperSimpleAppMain
2018-12-15 13:01:26,321 | INFO  | PListStore:[D:\apache-activemq-5.14.5\bin\win64\..\..\data\localhost\tmp_storage] started | org.apache.activemq.store.kahadb.plist.PListStoreImpl | WrapperSimpleAppMain
2018-12-15 13:01:26,472 | INFO  | Apache ActiveMQ 5.14.5 (localhost, ID:172_21_0_16-61858-1544850086340-0:1) is starting | org.apache.activemq.broker.BrokerService | WrapperSimpleAppMain
2018-12-15 13:01:26,496 | INFO  | Listening for connections at: tcp://rfzy.dopotest.com:61616?maximumConnections=1000&wireFormat.maxFrameSize=104857600 | org.apache.activemq.transport.TransportServerThreadSupport | WrapperSimpleAppMain
2018-12-15 13:01:26,498 | INFO  | Connector openwire started | org.apache.activemq.broker.TransportConnector | WrapperSimpleAppMain
2018-12-15 13:01:26,550 | INFO  | Listening for connections at: amqp://rfzy.dopotest.com:5672?maximumConnections=1000&wireFormat.maxFrameSize=104857600 | org.apache.activemq.transport.TransportServerThreadSupport | WrapperSimpleAppMain
2018-12-15 13:01:26,552 | INFO  | Connector amqp started | org.apache.activemq.broker.TransportConnector | WrapperSimpleAppMain
2018-12-15 13:01:26,556 | INFO  | Listening for connections at: stomp://rfzy.dopotest.com:61613?maximumConnections=1000&wireFormat.maxFrameSize=104857600 | org.apache.activemq.transport.TransportServerThreadSupport | WrapperSimpleAppMain
2018-12-15 13:01:26,558 | INFO  | Connector stomp started | org.apache.activemq.broker.TransportConnector | WrapperSimpleAppMain
2018-12-15 13:01:26,563 | INFO  | Listening for connections at: mqtt://rfzy.dopotest.com:1883?maximumConnections=1000&wireFormat.maxFrameSize=104857600 | org.apache.activemq.transport.TransportServerThreadSupport | WrapperSimpleAppMain
2018-12-15 13:01:26,565 | INFO  | Connector mqtt started | org.apache.activemq.broker.TransportConnector | WrapperSimpleAppMain
2018-12-15 13:01:26,680 | WARN  | ServletContext@o.e.j.s.ServletContextHandler@885b7cf{/,null,STARTING} has uncovered http methods for path: / | org.eclipse.jetty.security.SecurityHandler | WrapperSimpleAppMain
2018-12-15 13:01:26,720 | INFO  | Listening for connections at ws://rfzy.dopotest.com:61614?maximumConnections=1000&wireFormat.maxFrameSize=104857600 | org.apache.activemq.transport.ws.WSTransportServer | WrapperSimpleAppMain
2018-12-15 13:01:26,736 | INFO  | Connector ws started | org.apache.activemq.broker.TransportConnector | WrapperSimpleAppMain
2018-12-15 13:01:26,737 | INFO  | Apache ActiveMQ 5.14.5 (localhost, ID:172_21_0_16-61858-1544850086340-0:1) started | org.apache.activemq.broker.BrokerService | WrapperSimpleAppMain
2018-12-15 13:01:26,738 | INFO  | For help or more information please see: http://activemq.apache.org | org.apache.activemq.broker.BrokerService | WrapperSimpleAppMain
2018-12-15 13:01:26,741 | WARN  | Store limit is 102400 mb (current store usage is 0 mb). The data directory: D:\apache-activemq-5.14.5\bin\win64\..\..\data\kahadb only has 84075 mb of usable space. - resetting to maximum available disk space: 84075 mb | org.apache.activemq.broker.BrokerService | WrapperSimpleAppMain
2018-12-15 13:01:27,325 | INFO  | No Spring WebApplicationInitializer types detected on classpath | /admin | WrapperSimpleAppMain
2018-12-15 13:01:27,486 | INFO  | ActiveMQ WebConsole available at http://0.0.0.0:8161/ | org.apache.activemq.web.WebConsoleStarter | WrapperSimpleAppMain
2018-12-15 13:01:27,486 | INFO  | ActiveMQ Jolokia REST API available at http://0.0.0.0:8161/api/jolokia/ | org.apache.activemq.web.WebConsoleStarter | WrapperSimpleAppMain
2018-12-15 13:01:27,564 | INFO  | Initializing Spring FrameworkServlet 'dispatcher' | /admin | WrapperSimpleAppMain
2018-12-15 13:01:27,797 | INFO  | No Spring WebApplicationInitializer types detected on classpath | /api | WrapperSimpleAppMain
2018-12-15 13:01:27,938 | INFO  | jolokia-agent: Using policy access restrictor classpath:/jolokia-access.xml | /api | WrapperSimpleAppMain
2018-12-15 15:02:41,040 | INFO  | Refreshing org.apache.activemq.xbean.XBeanBrokerFactory$1@56d8a300: startup date [Sat Dec 15 15:02:41 CST 2018]; root of context hierarchy | org.apache.activemq.xbean.XBeanBrokerFactory$1 | WrapperSimpleAppMain
2018-12-15 15:02:42,071 | INFO  | Using Persistence Adapter: KahaDBPersistenceAdapter[D:\apache-activemq-5.14.5\bin\win64\..\..\data\kahadb] | org.apache.activemq.broker.BrokerService | WrapperSimpleAppMain
2018-12-15 15:02:42,134 | INFO  | KahaDB is version 6 | org.apache.activemq.store.kahadb.MessageDatabase | WrapperSimpleAppMain
2018-12-15 15:02:42,149 | INFO  | Recovering from the journal @1:10257 | org.apache.activemq.store.kahadb.MessageDatabase | WrapperSimpleAppMain
2018-12-15 15:02:42,196 | INFO  | Recovery replayed 1422 operations from the journal in 0.062 seconds. | org.apache.activemq.store.kahadb.MessageDatabase | WrapperSimpleAppMain
2018-12-15 15:02:42,196 | INFO  | PListStore:[D:\apache-activemq-5.14.5\bin\win64\..\..\data\localhost\tmp_storage] started | org.apache.activemq.store.kahadb.plist.PListStoreImpl | WrapperSimpleAppMain
2018-12-15 15:02:42,368 | INFO  | Apache ActiveMQ 5.14.5 (localhost, ID:172_21_0_16-49854-1544857362227-0:1) is starting | org.apache.activemq.broker.BrokerService | WrapperSimpleAppMain
2018-12-15 15:02:42,384 | INFO  | Listening for connections at: tcp://rfzy.dopotest.com:61616?maximumConnections=1000&wireFormat.maxFrameSize=104857600 | org.apache.activemq.transport.TransportServerThreadSupport | WrapperSimpleAppMain
2018-12-15 15:02:42,384 | INFO  | Connector openwire started | org.apache.activemq.broker.TransportConnector | WrapperSimpleAppMain
2018-12-15 15:02:42,430 | INFO  | Listening for connections at: amqp://rfzy.dopotest.com:5672?maximumConnections=1000&wireFormat.maxFrameSize=104857600 | org.apache.activemq.transport.TransportServerThreadSupport | WrapperSimpleAppMain
2018-12-15 15:02:42,446 | INFO  | Connector amqp started | org.apache.activemq.broker.TransportConnector | WrapperSimpleAppMain
2018-12-15 15:02:42,446 | INFO  | Listening for connections at: stomp://rfzy.dopotest.com:61613?maximumConnections=1000&wireFormat.maxFrameSize=104857600 | org.apache.activemq.transport.TransportServerThreadSupport | WrapperSimpleAppMain
2018-12-15 15:02:42,446 | INFO  | Connector stomp started | org.apache.activemq.broker.TransportConnector | WrapperSimpleAppMain
2018-12-15 15:02:42,446 | INFO  | Listening for connections at: mqtt://0.0.0.0:1883?maximumConnections=1000&wireFormat.maxFrameSize=104857600 | org.apache.activemq.transport.TransportServerThreadSupport | WrapperSimpleAppMain
2018-12-15 15:02:42,446 | INFO  | Connector mqtt started | org.apache.activemq.broker.TransportConnector | WrapperSimpleAppMain
2018-12-15 15:02:42,571 | WARN  | ServletContext@o.e.j.s.ServletContextHandler@763786de{/,null,STARTING} has uncovered http methods for path: / | org.eclipse.jetty.security.SecurityHandler | WrapperSimpleAppMain
2018-12-15 15:02:42,618 | INFO  | Listening for connections at ws://rfzy.dopotest.com:61614?maximumConnections=1000&wireFormat.maxFrameSize=104857600 | org.apache.activemq.transport.ws.WSTransportServer | WrapperSimpleAppMain
2018-12-15 15:02:42,618 | INFO  | Connector ws started | org.apache.activemq.broker.TransportConnector | WrapperSimpleAppMain
2018-12-15 15:02:42,634 | INFO  | Apache ActiveMQ 5.14.5 (localhost, ID:172_21_0_16-49854-1544857362227-0:1) started | org.apache.activemq.broker.BrokerService | WrapperSimpleAppMain
2018-12-15 15:02:42,634 | INFO  | For help or more information please see: http://activemq.apache.org | org.apache.activemq.broker.BrokerService | WrapperSimpleAppMain
2018-12-15 15:02:42,634 | WARN  | Store limit is 102400 mb (current store usage is 0 mb). The data directory: D:\apache-activemq-5.14.5\bin\win64\..\..\data\kahadb only has 84068 mb of usable space. - resetting to maximum available disk space: 84068 mb | org.apache.activemq.broker.BrokerService | WrapperSimpleAppMain
2018-12-15 15:02:43,149 | INFO  | No Spring WebApplicationInitializer types detected on classpath | /admin | WrapperSimpleAppMain
2018-12-15 15:02:43,446 | INFO  | ActiveMQ WebConsole available at http://0.0.0.0:8161/ | org.apache.activemq.web.WebConsoleStarter | WrapperSimpleAppMain
2018-12-15 15:02:43,446 | INFO  | ActiveMQ Jolokia REST API available at http://0.0.0.0:8161/api/jolokia/ | org.apache.activemq.web.WebConsoleStarter | WrapperSimpleAppMain
2018-12-15 15:02:43,540 | INFO  | Initializing Spring FrameworkServlet 'dispatcher' | /admin | WrapperSimpleAppMain
2018-12-15 15:02:43,774 | INFO  | No Spring WebApplicationInitializer types detected on classpath | /api | WrapperSimpleAppMain
2018-12-15 15:02:43,915 | INFO  | jolokia-agent: Using policy access restrictor classpath:/jolokia-access.xml | /api | WrapperSimpleAppMain
2018-12-15 15:07:39,550 | WARN  | Transport Connection to: tcp://27.200.209.108:51085 failed: java.io.EOFException | org.apache.activemq.broker.TransportConnection.Transport | ActiveMQ Transport: tcp:///27.200.209.108:51085@1883
2018-12-15 15:08:25,076 | WARN  | Transport Connection to: tcp://27.200.209.108:37535 failed: java.io.EOFException | org.apache.activemq.broker.TransportConnection.Transport | ActiveMQ Transport: tcp:///27.200.209.108:37535@1883
2018-12-15 15:09:03,984 | INFO  | Connector vm://localhost started | org.apache.activemq.broker.TransportConnector | qtp131357151-49
2018-12-15 15:15:18,565 | WARN  | Transport Connection to: tcp://27.200.209.108:43958 failed: java.io.EOFException | org.apache.activemq.broker.TransportConnection.Transport | ActiveMQ Transport: tcp:///27.200.209.108:43958@1883
2018-12-15 15:20:22,269 | WARN  | Transport Connection to: tcp://27.200.209.108:56175 failed: java.io.EOFException | org.apache.activemq.broker.TransportConnection.Transport | ActiveMQ Transport: tcp:///27.200.209.108:56175@1883
2018-12-15 15:21:47,730 | WARN  | Transport Connection to: tcp://27.200.209.108:34757 failed: java.io.EOFException | org.apache.activemq.broker.TransportConnection.Transport | ActiveMQ Transport: tcp:///27.200.209.108:34757@1883
2018-12-15 15:22:55,509 | WARN  | Transport Connection to: tcp://27.200.209.108:45350 failed: java.io.EOFException | org.apache.activemq.broker.TransportConnection.Transport | ActiveMQ Transport: tcp:///27.200.209.108:45350@1883
2018-12-15 15:24:22,618 | WARN  | Transport Connection to: tcp://27.200.209.108:34414 failed: org.apache.activemq.transport.InactivityIOException: Channel was inactive for too (>30000) long: tcp://27.200.209.108:34414 | org.apache.activemq.broker.TransportConnection.Transport | MQTTInactivityMonitor Async Task: java.util.concurrent.ThreadPoolExecutor$Worker@4353898f[State = -1, empty queue]
2018-12-15 15:26:53,019 | WARN  | Transport Connection to: tcp://27.200.209.108:35078 failed: org.apache.activemq.transport.InactivityIOException: Channel was inactive for too (>30000) long: tcp://27.200.209.108:35078 | org.apache.activemq.broker.TransportConnection.Transport | MQTTInactivityMonitor Async Task: java.util.concurrent.ThreadPoolExecutor$Worker@5c213c82[State = -1, empty queue]
2018-12-15 15:29:23,522 | WARN  | Transport Connection to: tcp://27.200.209.108:47441 failed: org.apache.activemq.transport.InactivityIOException: Channel was inactive for too (>30000) long: tcp://27.200.209.108:47441 | org.apache.activemq.broker.TransportConnection.Transport | MQTTInactivityMonitor Async Task: java.util.concurrent.ThreadPoolExecutor$Worker@5e2285e3[State = -1, empty queue]
2018-12-15 15:52:44,736 | INFO  | Connector vm://localhost stopped | org.apache.activemq.broker.TransportConnector | org.eclipse.jetty.server.session.HashSessionManager@1bf2e0f1Timer
2018-12-15 22:07:43,394 | WARN  | Transport Connection to: tcp://60.191.38.78:34907 failed: java.io.EOFException | org.apache.activemq.broker.TransportConnection.Transport | ActiveMQ Transport: tcp:///60.191.38.78:34907@1883
2018-12-15 22:07:43,394 | WARN  | Transport Connection to: tcp://60.191.38.78:34907 failed: org.apache.activemq.transport.InactivityIOException: Cannot send, channel has already failed: tcp://60.191.38.78:34907 | org.apache.activemq.broker.TransportConnection.Transport | Async Exception Handler
2018-12-16 11:02:08,268 | WARN  | Transport Connection to: tcp://80.82.77.139:57323 failed: java.io.EOFException | org.apache.activemq.broker.TransportConnection.Transport | ActiveMQ Transport: tcp:///80.82.77.139:57323@1883
2018-12-17 00:58:08,004 | WARN  | Transport Connection to: tcp://45.33.81.208:59574 failed: java.io.EOFException | org.apache.activemq.broker.TransportConnection.Transport | ActiveMQ Transport: tcp:///45.33.81.208:59574@1883
2018-12-17 00:58:09,707 | WARN  | Transport Connection to: tcp://45.33.81.208:60734 failed: java.io.EOFException | org.apache.activemq.broker.TransportConnection.Transport | ActiveMQ Transport: tcp:///45.33.81.208:60734@1883
2018-12-17 00:58:09,942 | WARN  | Exception occurred processing: 
MQTTFrame { type: unknown, qos: AT_MOST_ONCE, dup:false }: org.apache.activemq.transport.mqtt.MQTTProtocolException: Unknown MQTTFrame type: 0 | org.apache.activemq.transport.mqtt.MQTTProtocolConverter | ActiveMQ Transport: tcp:///45.33.81.208:33012@1883
2018-12-17 00:58:10,488 | WARN  | Exception occurred processing: 
MQTTFrame { type: unknown, qos: AT_MOST_ONCE, dup:false }: org.apache.activemq.transport.mqtt.MQTTProtocolException: Unknown MQTTFrame type: 0 | org.apache.activemq.transport.mqtt.MQTTProtocolConverter | ActiveMQ Transport: tcp:///45.33.81.208:33126@1883
2018-12-17 00:58:12,863 | WARN  | Transport Connection to: tcp://45.33.81.208:33222 failed: java.io.EOFException | org.apache.activemq.broker.TransportConnection.Transport | ActiveMQ Transport: tcp:///45.33.81.208:33222@1883
2018-12-17 00:58:39,988 | WARN  | Transport Connection to: tcp://45.33.81.208:33012 failed: org.apache.activemq.transport.InactivityIOException: Channel was inactive for too (>60000) long: tcp://45.33.81.208:33012 | org.apache.activemq.broker.TransportConnection.Transport | MQTTInactivityMonitor Async Task: java.util.concurrent.ThreadPoolExecutor$Worker@524fa3f2[State = -1, empty queue]
2018-12-17 00:58:40,488 | WARN  | Transport Connection to: tcp://45.33.81.208:33126 failed: org.apache.activemq.transport.InactivityIOException: Channel was inactive for too (>60000) long: tcp://45.33.81.208:33126 | org.apache.activemq.broker.TransportConnection.Transport | MQTTInactivityMonitor Async Task: java.util.concurrent.ThreadPoolExecutor$Worker@524fa3f2[State = -1, empty queue]
2018-12-17 09:14:47,957 | INFO  | Connector vm://localhost started | org.apache.activemq.broker.TransportConnector | qtp131357151-43
2018-12-17 09:28:03,603 | WARN  | Transport Connection to: tcp://112.250.100.138:52037 failed: java.io.EOFException | org.apache.activemq.broker.TransportConnection.Transport | ActiveMQ Transport: tcp:///112.250.100.138:52037@1883
2018-12-17 09:28:51,885 | WARN  | Transport Connection to: tcp://112.250.100.138:48520 failed: java.io.EOFException | org.apache.activemq.broker.TransportConnection.Transport | ActiveMQ Transport: tcp:///112.250.100.138:48520@1883
2018-12-17 09:48:11,059 | WARN  | Transport Connection to: tcp://112.250.100.138:60651 failed: java.io.EOFException | org.apache.activemq.broker.TransportConnection.Transport | ActiveMQ Transport: tcp:///112.250.100.138:60651@1883
2018-12-17 09:50:14,741 | WARN  | Transport Connection to: tcp://112.250.100.138:57275 failed: java.io.EOFException | org.apache.activemq.broker.TransportConnection.Transport | ActiveMQ Transport: tcp:///112.250.100.138:57275@1883
2018-12-17 09:51:11,549 | WARN  | Transport Connection to: tcp://112.250.100.138:56807 failed: java.io.EOFException | org.apache.activemq.broker.TransportConnection.Transport | ActiveMQ Transport: tcp:///112.250.100.138:56807@1883
2018-12-17 09:51:33,148 | WARN  | Transport Connection to: tcp://112.250.100.138:35701 failed: java.io.EOFException | org.apache.activemq.broker.TransportConnection.Transport | ActiveMQ Transport: tcp:///112.250.100.138:35701@1883
2018-12-17 09:54:14,050 | WARN  | Transport Connection to: tcp://112.250.100.138:39110 failed: java.io.EOFException | org.apache.activemq.broker.TransportConnection.Transport | ActiveMQ Transport: tcp:///112.250.100.138:39110@1883
2018-12-17 09:56:42,401 | WARN  | Transport Connection to: tcp://112.250.100.138:54787 failed: java.io.EOFException | org.apache.activemq.broker.TransportConnection.Transport | ActiveMQ Transport: tcp:///112.250.100.138:54787@1883
2018-12-17 09:57:32,105 | WARN  | Transport Connection to: tcp://112.250.100.138:47507 failed: java.io.EOFException | org.apache.activemq.broker.TransportConnection.Transport | ActiveMQ Transport: tcp:///112.250.100.138:47507@1883
2018-12-17 09:57:50,340 | WARN  | Transport Connection to: tcp://112.250.100.138:39311 failed: java.io.EOFException | org.apache.activemq.broker.TransportConnection.Transport | ActiveMQ Transport: tcp:///112.250.100.138:39311@1883
2018-12-17 10:00:03,622 | WARN  | Transport Connection to: tcp://112.250.100.138:45232 failed: java.io.EOFException | org.apache.activemq.broker.TransportConnection.Transport | ActiveMQ Transport: tcp:///112.250.100.138:45232@1883
2018-12-17 10:02:46,821 | WARN  | Transport Connection to: tcp://112.250.100.138:46641 failed: java.io.EOFException | org.apache.activemq.broker.TransportConnection.Transport | ActiveMQ Transport: tcp:///112.250.100.138:46641@1883
2018-12-17 10:04:30,724 | WARN  | Transport Connection to: tcp://112.250.100.138:48203 failed: java.io.EOFException | org.apache.activemq.broker.TransportConnection.Transport | ActiveMQ Transport: tcp:///112.250.100.138:48203@1883
2018-12-17 10:06:15,470 | WARN  | Transport Connection to: tcp://112.250.100.138:51650 failed: java.io.EOFException | org.apache.activemq.broker.TransportConnection.Transport | ActiveMQ Transport: tcp:///112.250.100.138:51650@1883
2018-12-17 10:07:16,073 | WARN  | Transport Connection to: tcp://112.250.100.138:35050 failed: java.io.EOFException | org.apache.activemq.broker.TransportConnection.Transport | ActiveMQ Transport: tcp:///112.250.100.138:35050@1883
2018-12-17 10:16:09,051 | WARN  | Transport Connection to: tcp://112.250.100.138:46481 failed: org.apache.activemq.transport.InactivityIOException: Channel was inactive for too (>30000) long: tcp://112.250.100.138:46481 | org.apache.activemq.broker.TransportConnection.Transport | MQTTInactivityMonitor Async Task: java.util.concurrent.ThreadPoolExecutor$Worker@7a2b2286[State = -1, empty queue]
2018-12-17 10:18:39,545 | WARN  | Transport Connection to: tcp://112.250.100.138:50017 failed: org.apache.activemq.transport.InactivityIOException: Channel was inactive for too (>30000) long: tcp://112.250.100.138:50017 | org.apache.activemq.broker.TransportConnection.Transport | MQTTInactivityMonitor Async Task: java.util.concurrent.ThreadPoolExecutor$Worker@74ecc3b3[State = -1, empty queue]
2018-12-17 10:55:58,770 | WARN  | Transport Connection to: tcp://112.250.100.138:35037 failed: java.io.EOFException | org.apache.activemq.broker.TransportConnection.Transport | ActiveMQ Transport: tcp:///112.250.100.138:35037@1883
2018-12-17 10:59:33,330 | WARN  | Transport Connection to: tcp://112.250.100.138:43638 failed: java.io.EOFException | org.apache.activemq.broker.TransportConnection.Transport | ActiveMQ Transport: tcp:///112.250.100.138:43638@1883
2018-12-17 11:11:25,314 | WARN  | Transport Connection to: tcp://112.250.100.138:55847 failed: org.apache.activemq.transport.InactivityIOException: Channel was inactive for too (>30000) long: tcp://112.250.100.138:55847 | org.apache.activemq.broker.TransportConnection.Transport | MQTTInactivityMonitor Async Task: java.util.concurrent.ThreadPoolExecutor$Worker@70d349f6[State = -1, empty queue]
2018-12-17 12:47:01,900 | WARN  | Transport Connection to: tcp://112.250.100.138:38043 failed: java.io.EOFException | org.apache.activemq.broker.TransportConnection.Transport | ActiveMQ Transport: tcp:///112.250.100.138:38043@1883
2018-12-17 12:47:44,066 | WARN  | Transport Connection to: tcp://112.250.100.138:51277 failed: java.io.EOFException | org.apache.activemq.broker.TransportConnection.Transport | ActiveMQ Transport: tcp:///112.250.100.138:51277@1883
2018-12-17 12:49:14,530 | WARN  | Transport Connection to: tcp://112.250.100.138:46909 failed: java.io.EOFException | org.apache.activemq.broker.TransportConnection.Transport | ActiveMQ Transport: tcp:///112.250.100.138:46909@1883
2018-12-17 12:49:20,827 | WARN  | Transport Connection to: tcp://112.250.100.138:44725 failed: java.net.SocketException: Connection reset | org.apache.activemq.broker.TransportConnection.Transport | ActiveMQ Transport: tcp:///112.250.100.138:44725@1883
2018-12-17 12:53:11,923 | WARN  | Transport Connection to: tcp://112.250.100.138:58999 failed: java.net.SocketException: Connection reset | org.apache.activemq.broker.TransportConnection.Transport | ActiveMQ Transport: tcp:///112.250.100.138:58999@1883
2018-12-17 13:04:47,318 | WARN  | Transport Connection to: tcp://112.250.100.138:45992 failed: org.apache.activemq.transport.InactivityIOException: Channel was inactive for too (>30000) long: tcp://112.250.100.138:45992 | org.apache.activemq.broker.TransportConnection.Transport | MQTTInactivityMonitor Async Task: java.util.concurrent.ThreadPoolExecutor$Worker@53ccd096[State = -1, empty queue]
2018-12-17 14:17:35,131 | WARN  | Transport Connection to: tcp://112.250.100.138:48725 failed: java.io.EOFException | org.apache.activemq.broker.TransportConnection.Transport | ActiveMQ Transport: tcp:///112.250.100.138:48725@1883
2018-12-17 14:18:35,999 | WARN  | Transport Connection to: tcp://112.250.100.138:51568 failed: java.io.EOFException | org.apache.activemq.broker.TransportConnection.Transport | ActiveMQ Transport: tcp:///112.250.100.138:51568@1883
2018-12-17 14:21:30,853 | WARN  | Transport Connection to: tcp://112.250.100.138:35053 failed: java.io.EOFException | org.apache.activemq.broker.TransportConnection.Transport | ActiveMQ Transport: tcp:///112.250.100.138:35053@1883
2018-12-17 14:22:42,951 | WARN  | Transport Connection to: tcp://112.250.100.138:35078 failed: java.io.EOFException | org.apache.activemq.broker.TransportConnection.Transport | ActiveMQ Transport: tcp:///112.250.100.138:35078@1883
2018-12-17 14:24:48,695 | WARN  | Transport Connection to: tcp://112.250.100.138:41829 failed: java.io.EOFException | org.apache.activemq.broker.TransportConnection.Transport | ActiveMQ Transport: tcp:///112.250.100.138:41829@1883
2018-12-17 14:25:17,227 | WARN  | Transport Connection to: tcp://112.250.100.138:34887 failed: java.io.EOFException | org.apache.activemq.broker.TransportConnection.Transport | ActiveMQ Transport: tcp:///112.250.100.138:34887@1883
2018-12-17 14:27:04,824 | WARN  | Transport Connection to: tcp://112.250.100.138:49739 failed: java.io.EOFException | org.apache.activemq.broker.TransportConnection.Transport | ActiveMQ Transport: tcp:///112.250.100.138:49739@1883
2018-12-17 14:37:37,573 | WARN  | Transport Connection to: tcp://112.250.100.138:47276 failed: java.io.EOFException | org.apache.activemq.broker.TransportConnection.Transport | ActiveMQ Transport: tcp:///112.250.100.138:47276@1883
2018-12-17 14:37:50,375 | WARN  | Transport Connection to: tcp://112.250.100.138:37027 failed: java.io.EOFException | org.apache.activemq.broker.TransportConnection.Transport | ActiveMQ Transport: tcp:///112.250.100.138:37027@1883
2018-12-17 14:42:35,043 | WARN  | Transport Connection to: tcp://112.250.100.138:39140 failed: java.io.EOFException | org.apache.activemq.broker.TransportConnection.Transport | ActiveMQ Transport: tcp:///112.250.100.138:39140@1883
2018-12-17 14:49:49,265 | WARN  | Transport Connection to: tcp://112.250.100.138:49063 failed: java.io.EOFException | org.apache.activemq.broker.TransportConnection.Transport | ActiveMQ Transport: tcp:///112.250.100.138:49063@1883
2018-12-17 15:00:07,133 | WARN  | Transport Connection to: tcp://112.250.100.138:55220 failed: java.io.EOFException | org.apache.activemq.broker.TransportConnection.Transport | ActiveMQ Transport: tcp:///112.250.100.138:55220@1883
2018-12-17 15:41:48,479 | WARN  | Transport Connection to: tcp://112.250.100.138:33330 failed: java.io.EOFException | org.apache.activemq.broker.TransportConnection.Transport | ActiveMQ Transport: tcp:///112.250.100.138:33330@1883
2018-12-17 15:53:45,409 | WARN  | Transport Connection to: tcp://112.250.100.138:47832 failed: java.io.EOFException | org.apache.activemq.broker.TransportConnection.Transport | ActiveMQ Transport: tcp:///112.250.100.138:47832@1883
2018-12-17 15:54:08,225 | WARN  | Transport Connection to: tcp://112.250.100.138:37483 failed: java.io.EOFException | org.apache.activemq.broker.TransportConnection.Transport | ActiveMQ Transport: tcp:///112.250.100.138:37483@1883
2018-12-18 16:16:10,075 | INFO  | Refreshing org.apache.activemq.xbean.XBeanBrokerFactory$1@1a01867d: startup date [Tue Dec 18 16:16:10 CST 2018]; root of context hierarchy | org.apache.activemq.xbean.XBeanBrokerFactory$1 | WrapperSimpleAppMain
2018-12-18 16:16:11,607 | INFO  | Using Persistence Adapter: KahaDBPersistenceAdapter[D:\apache-activemq-5.14.5\bin\win64\..\..\data\kahadb] | org.apache.activemq.broker.BrokerService | WrapperSimpleAppMain
2018-12-18 16:16:11,998 | INFO  | KahaDB is version 6 | org.apache.activemq.store.kahadb.MessageDatabase | WrapperSimpleAppMain
2018-12-18 16:16:12,029 | INFO  | Recovering from the journal @1:179950 | org.apache.activemq.store.kahadb.MessageDatabase | WrapperSimpleAppMain
2018-12-18 16:16:12,670 | INFO  | Recovery replayed 45252 operations from the journal in 0.657 seconds. | org.apache.activemq.store.kahadb.MessageDatabase | WrapperSimpleAppMain
2018-12-18 16:16:12,685 | INFO  | PListStore:[D:\apache-activemq-5.14.5\bin\win64\..\..\data\localhost\tmp_storage] started | org.apache.activemq.store.kahadb.plist.PListStoreImpl | WrapperSimpleAppMain
2018-12-18 16:16:12,904 | INFO  | Apache ActiveMQ 5.14.5 (localhost, ID:172_21_0_16-49946-1545120972701-0:1) is starting | org.apache.activemq.broker.BrokerService | WrapperSimpleAppMain
2018-12-18 16:16:13,045 | INFO  | Listening for connections at: tcp://rfzy.dopotest.com:61616?maximumConnections=1000&wireFormat.maxFrameSize=104857600 | org.apache.activemq.transport.TransportServerThreadSupport | WrapperSimpleAppMain
2018-12-18 16:16:13,045 | INFO  | Connector openwire started | org.apache.activemq.broker.TransportConnector | WrapperSimpleAppMain
2018-12-18 16:16:13,045 | INFO  | Listening for connections at: amqp://rfzy.dopotest.com:5672?maximumConnections=1000&wireFormat.maxFrameSize=104857600 | org.apache.activemq.transport.TransportServerThreadSupport | WrapperSimpleAppMain
2018-12-18 16:16:13,045 | INFO  | Connector amqp started | org.apache.activemq.broker.TransportConnector | WrapperSimpleAppMain
2018-12-18 16:16:13,060 | INFO  | Listening for connections at: stomp://rfzy.dopotest.com:61613?maximumConnections=1000&wireFormat.maxFrameSize=104857600 | org.apache.activemq.transport.TransportServerThreadSupport | WrapperSimpleAppMain
2018-12-18 16:16:13,060 | INFO  | Connector stomp started | org.apache.activemq.broker.TransportConnector | WrapperSimpleAppMain
2018-12-18 16:16:13,060 | INFO  | Listening for connections at: mqtt://0.0.0.0:1883?maximumConnections=1000&wireFormat.maxFrameSize=104857600 | org.apache.activemq.transport.TransportServerThreadSupport | WrapperSimpleAppMain
2018-12-18 16:16:13,060 | INFO  | Connector mqtt started | org.apache.activemq.broker.TransportConnector | WrapperSimpleAppMain
2018-12-18 16:16:13,248 | WARN  | ServletContext@o.e.j.s.ServletContextHandler@70e17082{/,null,STARTING} has uncovered http methods for path: / | org.eclipse.jetty.security.SecurityHandler | WrapperSimpleAppMain
2018-12-18 16:16:13,326 | INFO  | Listening for connections at ws://rfzy.dopotest.com:61614?maximumConnections=1000&wireFormat.maxFrameSize=104857600 | org.apache.activemq.transport.ws.WSTransportServer | WrapperSimpleAppMain
2018-12-18 16:16:13,342 | INFO  | Connector ws started | org.apache.activemq.broker.TransportConnector | WrapperSimpleAppMain
2018-12-18 16:16:13,342 | INFO  | Apache ActiveMQ 5.14.5 (localhost, ID:172_21_0_16-49946-1545120972701-0:1) started | org.apache.activemq.broker.BrokerService | WrapperSimpleAppMain
2018-12-18 16:16:13,342 | INFO  | For help or more information please see: http://activemq.apache.org | org.apache.activemq.broker.BrokerService | WrapperSimpleAppMain
2018-12-18 16:16:13,342 | WARN  | Store limit is 102400 mb (current store usage is 5 mb). The data directory: D:\apache-activemq-5.14.5\bin\win64\..\..\data\kahadb only has 84078 mb of usable space. - resetting to maximum available disk space: 84078 mb | org.apache.activemq.broker.BrokerService | WrapperSimpleAppMain
2018-12-18 16:16:13,967 | INFO  | No Spring WebApplicationInitializer types detected on classpath | /admin | WrapperSimpleAppMain
2018-12-18 16:16:14,295 | INFO  | ActiveMQ WebConsole available at http://0.0.0.0:8161/ | org.apache.activemq.web.WebConsoleStarter | WrapperSimpleAppMain
2018-12-18 16:16:14,295 | INFO  | ActiveMQ Jolokia REST API available at http://0.0.0.0:8161/api/jolokia/ | org.apache.activemq.web.WebConsoleStarter | WrapperSimpleAppMain
2018-12-18 16:16:14,389 | INFO  | Initializing Spring FrameworkServlet 'dispatcher' | /admin | WrapperSimpleAppMain
2018-12-18 16:16:14,654 | INFO  | No Spring WebApplicationInitializer types detected on classpath | /api | WrapperSimpleAppMain
2018-12-18 16:16:14,826 | INFO  | jolokia-agent: Using policy access restrictor classpath:/jolokia-access.xml | /api | WrapperSimpleAppMain
2018-12-18 16:35:21,353 | INFO  | Connector vm://localhost started | org.apache.activemq.broker.TransportConnector | qtp596900520-60
2018-12-18 16:56:31,641 | WARN  | Transport Connection to: tcp://27.200.140.7:44501 failed: org.apache.activemq.transport.InactivityIOException: Channel was inactive for too (>30000) long: tcp://27.200.140.7:44501 | org.apache.activemq.broker.TransportConnection.Transport | MQTTInactivityMonitor Async Task: java.util.concurrent.ThreadPoolExecutor$Worker@46961893[State = -1, empty queue]
2018-12-18 16:59:01,925 | WARN  | Transport Connection to: tcp://27.200.140.7:38388 failed: org.apache.activemq.transport.InactivityIOException: Channel was inactive for too (>30000) long: tcp://27.200.140.7:38388 | org.apache.activemq.broker.TransportConnection.Transport | MQTTInactivityMonitor Async Task: java.util.concurrent.ThreadPoolExecutor$Worker@6c7faf69[State = -1, empty queue]
2018-12-18 17:01:32,187 | WARN  | Transport Connection to: tcp://27.200.140.7:45858 failed: org.apache.activemq.transport.InactivityIOException: Channel was inactive for too (>30000) long: tcp://27.200.140.7:45858 | org.apache.activemq.broker.TransportConnection.Transport | MQTTInactivityMonitor Async Task: java.util.concurrent.ThreadPoolExecutor$Worker@57f75301[State = -1, empty queue]
2018-12-18 17:04:02,715 | WARN  | Transport Connection to: tcp://27.200.140.7:59731 failed: org.apache.activemq.transport.InactivityIOException: Channel was inactive for too (>30000) long: tcp://27.200.140.7:59731 | org.apache.activemq.broker.TransportConnection.Transport | MQTTInactivityMonitor Async Task: java.util.concurrent.ThreadPoolExecutor$Worker@52cdd5d5[State = -1, empty queue]
2018-12-18 17:15:16,369 | INFO  | Connector vm://localhost stopped | org.apache.activemq.broker.TransportConnector | org.eclipse.jetty.server.session.HashSessionManager@2ae93b3cTimer
2018-12-18 18:03:08,064 | WARN  | Transport Connection to: tcp://27.201.87.106:39483 failed: org.apache.activemq.transport.InactivityIOException: Channel was inactive for too (>30000) long: tcp://27.201.87.106:39483 | org.apache.activemq.broker.TransportConnection.Transport | MQTTInactivityMonitor Async Task: java.util.concurrent.ThreadPoolExecutor$Worker@7bd28a90[State = -1, empty queue]
2018-12-18 18:05:38,328 | WARN  | Transport Connection to: tcp://27.201.87.106:33291 failed: org.apache.activemq.transport.InactivityIOException: Channel was inactive for too (>30000) long: tcp://27.201.87.106:33291 | org.apache.activemq.broker.TransportConnection.Transport | MQTTInactivityMonitor Async Task: java.util.concurrent.ThreadPoolExecutor$Worker@5bc78487[State = -1, empty queue]
2018-12-18 18:08:09,115 | WARN  | Transport Connection to: tcp://27.201.87.106:54263 failed: org.apache.activemq.transport.InactivityIOException: Channel was inactive for too (>30000) long: tcp://27.201.87.106:54263 | org.apache.activemq.broker.TransportConnection.Transport | MQTTInactivityMonitor Async Task: java.util.concurrent.ThreadPoolExecutor$Worker@5336a496[State = -1, empty queue]
2018-12-18 18:10:39,430 | WARN  | Transport Connection to: tcp://27.201.87.106:36148 failed: org.apache.activemq.transport.InactivityIOException: Channel was inactive for too (>30000) long: tcp://27.201.87.106:36148 | org.apache.activemq.broker.TransportConnection.Transport | MQTTInactivityMonitor Async Task: java.util.concurrent.ThreadPoolExecutor$Worker@401b604d[State = -1, empty queue]
2018-12-18 18:10:40,040 | WARN  | Transport Connection to: tcp://27.201.87.106:48386 failed: java.io.EOFException | org.apache.activemq.broker.TransportConnection.Transport | ActiveMQ Transport: tcp:///27.201.87.106:48386@1883
2018-12-18 20:20:06,448 | WARN  | Transport Connection to: tcp://27.201.87.106:56728 failed: org.apache.activemq.transport.InactivityIOException: Channel was inactive for too (>30000) long: tcp://27.201.87.106:56728 | org.apache.activemq.broker.TransportConnection.Transport | MQTTInactivityMonitor Async Task: java.util.concurrent.ThreadPoolExecutor$Worker@2d41be36[State = -1, empty queue]
2018-12-18 20:21:00,589 | WARN  | Transport Connection to: tcp://27.201.87.106:38237 failed: java.io.EOFException | org.apache.activemq.broker.TransportConnection.Transport | ActiveMQ Transport: tcp:///27.201.87.106:38237@1883
2018-12-18 20:51:14,919 | WARN  | Transport Connection to: tcp://27.201.87.106:44887 failed: org.apache.activemq.transport.InactivityIOException: Channel was inactive for too (>30000) long: tcp://27.201.87.106:44887 | org.apache.activemq.broker.TransportConnection.Transport | MQTTInactivityMonitor Async Task: java.util.concurrent.ThreadPoolExecutor$Worker@238645ee[State = -1, empty queue]
2018-12-18 20:53:45,300 | WARN  | Transport Connection to: tcp://27.201.87.106:44842 failed: org.apache.activemq.transport.InactivityIOException: Channel was inactive for too (>30000) long: tcp://27.201.87.106:44842 | org.apache.activemq.broker.TransportConnection.Transport | MQTTInactivityMonitor Async Task: java.util.concurrent.ThreadPoolExecutor$Worker@27b9d546[State = -1, empty queue]
2018-12-18 20:56:15,846 | WARN  | Transport Connection to: tcp://27.201.87.106:37885 failed: org.apache.activemq.transport.InactivityIOException: Channel was inactive for too (>30000) long: tcp://27.201.87.106:37885 | org.apache.activemq.broker.TransportConnection.Transport | MQTTInactivityMonitor Async Task: java.util.concurrent.ThreadPoolExecutor$Worker@62bb4fd5[State = -1, empty queue]
2018-12-18 20:58:46,627 | WARN  | Transport Connection to: tcp://27.201.87.106:45877 failed: org.apache.activemq.transport.InactivityIOException: Channel was inactive for too (>30000) long: tcp://27.201.87.106:45877 | org.apache.activemq.broker.TransportConnection.Transport | MQTTInactivityMonitor Async Task: java.util.concurrent.ThreadPoolExecutor$Worker@422bedba[State = -1, empty queue]
2018-12-18 21:02:45,954 | WARN  | Transport Connection to: tcp://140.143.223.117:59137 failed: java.io.IOException: Unexpected error occurred: java.lang.IllegalArgumentException: Invalid destination name: a non-empty name is required | org.apache.activemq.broker.TransportConnection.Transport | ActiveMQ Transport: tcp:///140.143.223.117:59137@1883
2018-12-18 21:09:43,575 | INFO  | Connector vm://localhost started | org.apache.activemq.broker.TransportConnector | qtp596900520-53
